<?xml version="1.0" encoding="UTF-8"?>
<!-- Generated by org.testng.reporters.JUnitReportReporter -->
<testsuite hostname="DESKTOP-4334PHR" name="com.businessscripts.SampleTest" tests="1" failures="0" timestamp="29 May 2021 12:53:59 GMT" time="15.498" errors="0">
  <testcase name="testOne" time="15.498" classname="com.businessscripts.SampleTest"/>
</testsuite> <!-- com.businessscripts.SampleTest -->
