<?xml version="1.0" encoding="UTF-8"?>
<!-- Generated by org.testng.reporters.JUnitReportReporter -->
<testsuite hostname="DESKTOP-4334PHR" name="com.businessscripts.SampleTest" tests="1" failures="0" timestamp="29 May 2021 12:52:34 GMT" time="21.190" errors="0">
  <testcase name="testOne" time="21.190" classname="com.businessscripts.SampleTest"/>
</testsuite> <!-- com.businessscripts.SampleTest -->
